<?xml version="1.0" encoding="UTF-8"?>
<testng-results ignored="0" total="1" passed="1" failed="0" skipped="0">
  <reporter-output>
  </reporter-output>
  <suite started-at="2026-02-13T14:57:29 IST" name="Suite" finished-at="2026-02-13T14:57:40 IST" duration-ms="10625">
    <groups>
    </groups>
    <test started-at="2026-02-13T14:57:29 IST" name="Test" finished-at="2026-02-13T14:57:40 IST" duration-ms="10625">
      <class name="com.testCases.FlipKartSearch">
        <test-method is-config="true" signature="BeforeClass()[pri:0, instance:com.testCases.FlipKartSearch@5fbe4146]" started-at="2026-02-13T14:57:29 IST" name="BeforeClass" finished-at="2026-02-13T14:57:35 IST" duration-ms="6310" status="PASS">
          <reporter-output>
          </reporter-output>
        </test-method> <!-- BeforeClass -->
        <test-method is-config="true" signature="BeforeMethod()[pri:0, instance:com.testCases.FlipKartSearch@5fbe4146]" started-at="2026-02-13T14:57:35 IST" name="BeforeMethod" finished-at="2026-02-13T14:57:35 IST" duration-ms="23" status="PASS">
          <reporter-output>
          </reporter-output>
        </test-method> <!-- BeforeMethod -->
        <test-method signature="Search()[pri:0, instance:com.testCases.FlipKartSearch@5fbe4146]" started-at="2026-02-13T14:57:35 IST" name="Search" finished-at="2026-02-13T14:57:39 IST" duration-ms="3931" status="PASS">
          <reporter-output>
          </reporter-output>
        </test-method> <!-- Search -->
        <test-method is-config="true" signature="AfterMethod()[pri:0, instance:com.testCases.FlipKartSearch@5fbe4146]" started-at="2026-02-13T14:57:39 IST" name="AfterMethod" finished-at="2026-02-13T14:57:40 IST" duration-ms="288" status="PASS">
          <reporter-output>
          </reporter-output>
        </test-method> <!-- AfterMethod -->
        <test-method is-config="true" signature="AfterClass()[pri:0, instance:com.testCases.FlipKartSearch@5fbe4146]" started-at="2026-02-13T14:57:40 IST" name="AfterClass" finished-at="2026-02-13T14:57:40 IST" duration-ms="0" status="PASS">
          <reporter-output>
          </reporter-output>
        </test-method> <!-- AfterClass -->
      </class> <!-- com.testCases.FlipKartSearch -->
    </test> <!-- Test -->
  </suite> <!-- Suite -->
</testng-results>
